21:57:38 **** Build of configuration Debug for project CNA2_eclipse ****
make all 
Building file: ../Pro2.cpp
Invoking: GCC C++ Compiler
g++ -O0 -g3 -Wall -c -fmessage-length=0 -MMD -MP -MF"Pro2.d" -MT"Pro2.d" -o "Pro2.o" "../Pro2.cpp"
Finished building: ../Pro2.cpp
 
Building target: CNA2_eclipse
Invoking: MacOS X C++ Linker
g++  -o "CNA2_eclipse"  ./Pro2.o   
Finished building target: CNA2_eclipse
 
21:57:53 **** Incremental Build of configuration Debug for project CNA2_eclipse ****
make all 
make: Nothing to be done for `all'.
21:58:04 **** Incremental Build of configuration Debug for project CNA2_eclipse ****
make all 
make: Nothing to be done for `all'.
21:58:23 **** Incremental Build of configuration Debug for project CNA2_eclipse ****
make all 
make: Nothing to be done for `all'.
22:00:47 **** Clean-only build of configuration Debug for project CNA2_eclipse ****
make clean 
rm -rf  ./Pro2.o  ./Pro2.d  CNA2_eclipse
 
22:00:53 **** Build of configuration Debug for project CNA2_eclipse ****
make all 
Building file: ../Pro2.cpp
Invoking: GCC C++ Compiler
g++ -O0 -g3 -Wall -c -fmessage-length=0 -MMD -MP -MF"Pro2.d" -MT"Pro2.d" -o "Pro2.o" "../Pro2.cpp"
Finished building: ../Pro2.cpp
 
Building target: CNA2_eclipse
Invoking: MacOS X C++ Linker
g++  -o "CNA2_eclipse"  ./Pro2.o   
Finished building target: CNA2_eclipse
 
22:01:01 **** Incremental Build of configuration Debug for project CNA2_eclipse ****
make all 
Building file: ../Pro2.cpp
Invoking: GCC C++ Compiler
g++ -O0 -g3 -Wall -c -fmessage-length=0 -MMD -MP -MF"Pro2.d" -MT"Pro2.d" -o "Pro2.o" "../Pro2.cpp"
Finished building: ../Pro2.cpp
 
Building target: CNA2_eclipse
Invoking: MacOS X C++ Linker
g++  -o "CNA2_eclipse"  ./Pro2.o   
Finished building target: CNA2_eclipse
 
22:01:09 **** Incremental Build of configuration Debug for project CNA2_eclipse ****
make all 
make: Nothing to be done for `all'.
22:01:14 **** Incremental Build of configuration Debug for project CNA2_eclipse ****
make all 
make: Nothing to be done for `all'.
